app/build/intermediates/manifest_merge_blame_file/debug/manifest-merger-blame-debug-report.txt
1<?xml version="1.0" encoding="utf-8"?>
2<manifest xmlns:android="http://schemas.android.com/apk/res/android"
3    package="com.example.babybuy"
4    android:versionCode="1"
5    android:versionName="1.0" >
6
7    <uses-sdk
8        android:minSdkVersion="26"
8-->src\main\AndroidManifest.xml
9        android:targetSdkVersion="33" />
9-->src\main\AndroidManifest.xml
10
11    <uses-feature
11-->src\main\AndroidManifest.xml:5:5-7:36
12        android:name="android.hardware.telephony"
12-->src\main\AndroidManifest.xml:6:9-50
13        android:required="false" />
13-->src\main\AndroidManifest.xml:7:9-33
14    <uses-feature
14-->src\main\AndroidManifest.xml:8:5-10:36
15        android:name="android.hardware.camera"
15-->src\main\AndroidManifest.xml:9:9-47
16        android:required="false" />
16-->src\main\AndroidManifest.xml:10:9-33
17
18    <uses-permission android:name="android.permission.SEND_SMS" />
18-->src\main\AndroidManifest.xml:12:5-67
18-->src\main\AndroidManifest.xml:12:22-64
19    <uses-permission android:name="android.permission.CAMERA" />
19-->src\main\AndroidManifest.xml:13:5-65
19-->src\main\AndroidManifest.xml:13:22-62
20    <uses-permission android:name="android.permission.READ_EXTERNAL_STORAGE" />
20-->src\main\AndroidManifest.xml:14:5-80
20-->src\main\AndroidManifest.xml:14:22-77
21    <uses-permission android:name="android.permission.WRITE_EXTERNAL_STORAGE" />
21-->src\main\AndroidManifest.xml:15:5-81
21-->src\main\AndroidManifest.xml:15:22-78
22    <uses-permission android:name="android.permission.INTERNET" />
22-->src\main\AndroidManifest.xml:16:5-67
22-->src\main\AndroidManifest.xml:16:22-64
23    <uses-permission android:name="android.permission.ACCESS_COARSE_LOCATION" />
23-->src\main\AndroidManifest.xml:17:5-81
23-->src\main\AndroidManifest.xml:17:22-78
24    <uses-permission android:name="android.permission.ACCESS_FINE_LOCATION" />
24-->src\main\AndroidManifest.xml:18:5-79
24-->src\main\AndroidManifest.xml:18:22-76
25
26    <!-- Include required permissions for Google Maps API to run. -->
27    <uses-permission android:name="android.permission.ACCESS_NETWORK_STATE" />
27-->[com.google.android.gms:play-services-maps:18.1.0] AndroidManifest.xml:23:5-79
27-->[com.google.android.gms:play-services-maps:18.1.0] AndroidManifest.xml:23:22-76
28
29    <uses-feature
29-->[com.google.android.gms:play-services-maps:18.1.0] AndroidManifest.xml:26:5-28:35
30        android:glEsVersion="0x00020000"
30-->[com.google.android.gms:play-services-maps:18.1.0] AndroidManifest.xml:27:9-41
31        android:required="true" />
31-->[com.google.android.gms:play-services-maps:18.1.0] AndroidManifest.xml:28:9-32
32
33    <queries>
33-->[com.google.android.gms:play-services-maps:18.1.0] AndroidManifest.xml:30:5-34:15
34
35        <!-- Needs to be explicitly declared on Android R+ -->
36        <package android:name="com.google.android.apps.maps" />
36-->[com.google.android.gms:play-services-maps:18.1.0] AndroidManifest.xml:33:9-64
36-->[com.google.android.gms:play-services-maps:18.1.0] AndroidManifest.xml:33:18-61
37    </queries>
38
39    <application
39-->src\main\AndroidManifest.xml:20:5-105:19
40        android:allowBackup="true"
40-->src\main\AndroidManifest.xml:21:9-35
41        android:appComponentFactory="androidx.core.app.CoreComponentFactory"
41-->[androidx.core:core:1.8.0] AndroidManifest.xml:24:18-86
42        android:debuggable="true"
43        android:extractNativeLibs="false"
44        android:icon="@mipmap/ic_launcher"
44-->src\main\AndroidManifest.xml:22:9-43
45        android:label="@string/app_name"
45-->src\main\AndroidManifest.xml:23:9-41
46        android:roundIcon="@mipmap/ic_launcher_round"
46-->src\main\AndroidManifest.xml:24:9-54
47        android:supportsRtl="true"
47-->src\main\AndroidManifest.xml:25:9-35
48        android:testOnly="true"
49        android:theme="@style/Theme.Babybuy" >
49-->src\main\AndroidManifest.xml:26:9-45
50        <activity
50-->src\main\AndroidManifest.xml:27:9-33:20
51            android:name="com.example.babybuy.Activity.MainAct"
51-->src\main\AndroidManifest.xml:28:13-45
52            android:exported="false" >
52-->src\main\AndroidManifest.xml:29:13-37
53            <meta-data
53-->src\main\AndroidManifest.xml:30:13-32:36
54                android:name="android.app.lib_name"
54-->src\main\AndroidManifest.xml:31:17-52
55                android:value="" />
55-->src\main\AndroidManifest.xml:32:17-33
56        </activity>
57        <activity
57-->src\main\AndroidManifest.xml:34:9-40:20
58            android:name="com.example.babybuy.Activity.UpdateProdAct"
58-->src\main\AndroidManifest.xml:35:13-51
59            android:exported="false" >
59-->src\main\AndroidManifest.xml:36:13-37
60            <meta-data
60-->src\main\AndroidManifest.xml:30:13-32:36
61                android:name="android.app.lib_name"
61-->src\main\AndroidManifest.xml:31:17-52
62                android:value="" />
62-->src\main\AndroidManifest.xml:32:17-33
63        </activity>
64        <activity
64-->src\main\AndroidManifest.xml:41:9-47:20
65            android:name="com.example.babybuy.Activity.SmsAct"
65-->src\main\AndroidManifest.xml:42:13-44
66            android:exported="false" >
66-->src\main\AndroidManifest.xml:43:13-37
67            <meta-data
67-->src\main\AndroidManifest.xml:30:13-32:36
68                android:name="android.app.lib_name"
68-->src\main\AndroidManifest.xml:31:17-52
69                android:value="" />
69-->src\main\AndroidManifest.xml:32:17-33
70        </activity>
71        <activity
71-->src\main\AndroidManifest.xml:48:9-54:20
72            android:name="com.example.babybuy.Activity.MapAct"
72-->src\main\AndroidManifest.xml:49:13-44
73            android:exported="false" >
73-->src\main\AndroidManifest.xml:50:13-37
74            <meta-data
74-->src\main\AndroidManifest.xml:30:13-32:36
75                android:name="android.app.lib_name"
75-->src\main\AndroidManifest.xml:31:17-52
76                android:value="" />
76-->src\main\AndroidManifest.xml:32:17-33
77        </activity>
78
79        <meta-data
79-->src\main\AndroidManifest.xml:56:9-58:71
80            android:name="com.google.android.geo.API_KEY"
80-->src\main\AndroidManifest.xml:57:13-58
81            android:value="AIzaSyB8Zp_xB5VjC-sgVqsPeLxOyxRnfvqCasE" />
81-->src\main\AndroidManifest.xml:58:13-68
82
83        <activity
83-->src\main\AndroidManifest.xml:60:9-66:20
84            android:name="com.example.babybuy.Activity.HomeAct"
84-->src\main\AndroidManifest.xml:61:13-45
85            android:exported="false" >
85-->src\main\AndroidManifest.xml:62:13-37
86            <meta-data
86-->src\main\AndroidManifest.xml:30:13-32:36
87                android:name="android.app.lib_name"
87-->src\main\AndroidManifest.xml:31:17-52
88                android:value="" />
88-->src\main\AndroidManifest.xml:32:17-33
89        </activity>
90        <activity
90-->src\main\AndroidManifest.xml:67:9-73:20
91            android:name="com.example.babybuy.Activity.AddProdAct"
91-->src\main\AndroidManifest.xml:68:13-48
92            android:exported="false" >
92-->src\main\AndroidManifest.xml:69:13-37
93            <meta-data
93-->src\main\AndroidManifest.xml:30:13-32:36
94                android:name="android.app.lib_name"
94-->src\main\AndroidManifest.xml:31:17-52
95                android:value="" />
95-->src\main\AndroidManifest.xml:32:17-33
96        </activity>
97        <activity
97-->src\main\AndroidManifest.xml:74:9-80:20
98            android:name="com.example.babybuy.Activity.RegisterAct"
98-->src\main\AndroidManifest.xml:75:13-49
99            android:exported="false" >
99-->src\main\AndroidManifest.xml:76:13-37
100            <meta-data
100-->src\main\AndroidManifest.xml:30:13-32:36
101                android:name="android.app.lib_name"
101-->src\main\AndroidManifest.xml:31:17-52
102                android:value="" />
102-->src\main\AndroidManifest.xml:32:17-33
103        </activity>
104        <activity
104-->src\main\AndroidManifest.xml:81:9-87:20
105            android:name="com.example.babybuy.Activity.ProdListAct"
105-->src\main\AndroidManifest.xml:82:13-49
106            android:exported="false" >
106-->src\main\AndroidManifest.xml:83:13-37
107            <meta-data
107-->src\main\AndroidManifest.xml:30:13-32:36
108                android:name="android.app.lib_name"
108-->src\main\AndroidManifest.xml:31:17-52
109                android:value="" />
109-->src\main\AndroidManifest.xml:32:17-33
110        </activity>
111        <activity
111-->src\main\AndroidManifest.xml:88:9-100:20
112            android:name="com.example.babybuy.Activity.LoginAct"
112-->src\main\AndroidManifest.xml:89:13-46
113            android:exported="true" >
113-->src\main\AndroidManifest.xml:90:13-36
114            <intent-filter>
114-->src\main\AndroidManifest.xml:91:13-95:29
115                <action android:name="android.intent.action.MAIN" />
115-->src\main\AndroidManifest.xml:92:17-69
115-->src\main\AndroidManifest.xml:92:25-66
116
117                <category android:name="android.intent.category.LAUNCHER" />
117-->src\main\AndroidManifest.xml:94:17-77
117-->src\main\AndroidManifest.xml:94:27-74
118            </intent-filter>
119
120            <meta-data
120-->src\main\AndroidManifest.xml:30:13-32:36
121                android:name="android.app.lib_name"
121-->src\main\AndroidManifest.xml:31:17-52
122                android:value="" />
122-->src\main\AndroidManifest.xml:32:17-33
123        </activity>
124
125        <meta-data
125-->src\main\AndroidManifest.xml:102:9-104:57
126            android:name="preloaded_fonts"
126-->src\main\AndroidManifest.xml:103:13-43
127            android:resource="@array/preloaded_fonts" />
127-->src\main\AndroidManifest.xml:104:13-54
128
129        <activity
129-->[pub.devrel:easypermissions:3.0.0] AndroidManifest.xml:12:9-16:66
130            android:name="pub.devrel.easypermissions.AppSettingsDialogHolderActivity"
130-->[pub.devrel:easypermissions:3.0.0] AndroidManifest.xml:13:13-86
131            android:exported="false"
131-->[pub.devrel:easypermissions:3.0.0] AndroidManifest.xml:14:13-37
132            android:label=""
132-->[pub.devrel:easypermissions:3.0.0] AndroidManifest.xml:15:13-29
133            android:theme="@style/EasyPermissions.Transparent" />
133-->[pub.devrel:easypermissions:3.0.0] AndroidManifest.xml:16:13-63
134        <activity
134-->[com.droidninja:filepicker:2.2.5] AndroidManifest.xml:17:9-19:62
135            android:name="droidninja.filepicker.FilePickerActivity"
135-->[com.droidninja:filepicker:2.2.5] AndroidManifest.xml:18:13-68
136            android:configChanges="orientation|screenSize" />
136-->[com.droidninja:filepicker:2.2.5] AndroidManifest.xml:19:13-59
137        <activity
137-->[com.droidninja:filepicker:2.2.5] AndroidManifest.xml:20:9-22:62
138            android:name="droidninja.filepicker.MediaDetailsActivity"
138-->[com.droidninja:filepicker:2.2.5] AndroidManifest.xml:21:13-70
139            android:configChanges="orientation|screenSize" />
139-->[com.droidninja:filepicker:2.2.5] AndroidManifest.xml:22:13-59
140
141        <provider
141-->[com.droidninja:filepicker:2.2.5] AndroidManifest.xml:24:9-32:20
142            android:name="droidninja.filepicker.utils.FilePickerProvider"
142-->[com.droidninja:filepicker:2.2.5] AndroidManifest.xml:25:13-74
143            android:authorities="com.example.babybuy.droidninja.filepicker.provider"
143-->[com.droidninja:filepicker:2.2.5] AndroidManifest.xml:26:13-82
144            android:exported="false"
144-->[com.droidninja:filepicker:2.2.5] AndroidManifest.xml:27:13-37
145            android:grantUriPermissions="true" >
145-->[com.droidninja:filepicker:2.2.5] AndroidManifest.xml:28:13-47
146            <meta-data
146-->[com.droidninja:filepicker:2.2.5] AndroidManifest.xml:29:13-31:58
147                android:name="android.support.FILE_PROVIDER_PATHS"
147-->[com.droidninja:filepicker:2.2.5] AndroidManifest.xml:30:17-67
148                android:resource="@xml/provider_paths" />
148-->[com.droidninja:filepicker:2.2.5] AndroidManifest.xml:31:17-55
149        </provider> <!-- Needs to be explicitly declared on P+ -->
150        <uses-library
150-->[com.google.android.gms:play-services-maps:18.1.0] AndroidManifest.xml:39:9-41:40
151            android:name="org.apache.http.legacy"
151-->[com.google.android.gms:play-services-maps:18.1.0] AndroidManifest.xml:40:13-50
152            android:required="false" />
152-->[com.google.android.gms:play-services-maps:18.1.0] AndroidManifest.xml:41:13-37
153
154        <activity
154-->[com.google.android.gms:play-services-base:18.1.0] AndroidManifest.xml:20:9-22:45
155            android:name="com.google.android.gms.common.api.GoogleApiActivity"
155-->[com.google.android.gms:play-services-base:18.1.0] AndroidManifest.xml:20:19-85
156            android:exported="false"
156-->[com.google.android.gms:play-services-base:18.1.0] AndroidManifest.xml:22:19-43
157            android:theme="@android:style/Theme.Translucent.NoTitleBar" />
157-->[com.google.android.gms:play-services-base:18.1.0] AndroidManifest.xml:21:19-78
158
159        <meta-data
159-->[com.google.android.gms:play-services-basement:18.1.0] AndroidManifest.xml:21:9-23:69
160            android:name="com.google.android.gms.version"
160-->[com.google.android.gms:play-services-basement:18.1.0] AndroidManifest.xml:22:13-58
161            android:value="@integer/google_play_services_version" />
161-->[com.google.android.gms:play-services-basement:18.1.0] AndroidManifest.xml:23:13-66
162
163        <provider
163-->[androidx.emoji2:emoji2:1.2.0] AndroidManifest.xml:24:9-32:20
164            android:name="androidx.startup.InitializationProvider"
164-->[androidx.emoji2:emoji2:1.2.0] AndroidManifest.xml:25:13-67
165            android:authorities="com.example.babybuy.androidx-startup"
165-->[androidx.emoji2:emoji2:1.2.0] AndroidManifest.xml:26:13-68
166            android:exported="false" >
166-->[androidx.emoji2:emoji2:1.2.0] AndroidManifest.xml:27:13-37
167            <meta-data
167-->[androidx.emoji2:emoji2:1.2.0] AndroidManifest.xml:29:13-31:52
168                android:name="androidx.emoji2.text.EmojiCompatInitializer"
168-->[androidx.emoji2:emoji2:1.2.0] AndroidManifest.xml:30:17-75
169                android:value="androidx.startup" />
169-->[androidx.emoji2:emoji2:1.2.0] AndroidManifest.xml:31:17-49
170            <meta-data
170-->[androidx.lifecycle:lifecycle-process:2.4.1] AndroidManifest.xml:31:13-33:52
171                android:name="androidx.lifecycle.ProcessLifecycleInitializer"
171-->[androidx.lifecycle:lifecycle-process:2.4.1] AndroidManifest.xml:32:17-78
172                android:value="androidx.startup" />
172-->[androidx.lifecycle:lifecycle-process:2.4.1] AndroidManifest.xml:33:17-49
173        </provider>
174        <provider
174-->[com.squareup.picasso:picasso:2.71828] AndroidManifest.xml:8:9-11:40
175            android:name="com.squareup.picasso.PicassoProvider"
175-->[com.squareup.picasso:picasso:2.71828] AndroidManifest.xml:9:13-64
176            android:authorities="com.example.babybuy.com.squareup.picasso"
176-->[com.squareup.picasso:picasso:2.71828] AndroidManifest.xml:10:13-72
177            android:exported="false" />
177-->[com.squareup.picasso:picasso:2.71828] AndroidManifest.xml:11:13-37
178    </application>
179
180</manifest>